<?xml version="1.0" encoding="UTF-8"?><testsuite errors="0" failures="0" name="com.gorest.gorestinfo.UserCRUDTest" skipped="0" tests="4" time="10.16" timestamp="2023-06-04T18:12:41.152+01:00[Europe/London]"><testcase classname="com.gorest.gorestinfo.UserCRUDTest" name="This method will get all users records"/><testcase classname="com.gorest.gorestinfo.UserCRUDTest" name="This method will create a new users record and verify it by its ID"/><testcase classname="com.gorest.gorestinfo.UserCRUDTest" name="This method will update the existing record"/><testcase classname="com.gorest.gorestinfo.UserCRUDTest" name="This method will delete the existing record"/></testsuite>